
> app@0.1.0 build
> next build

▲ Next.js 16.2.1 (Turbopack)
- Environments: .env.local

  Creating an optimized production build ...
✓ Compiled successfully in 6.4s
  Running TypeScript ...
  Finished TypeScript in 5.3s ...
  Collecting page data using 3 workers ...
  Generating static pages using 3 workers (0/16) ...
  Generating static pages using 3 workers (4/16) 
  Generating static pages using 3 workers (8/16) 
  Generating static pages using 3 workers (12/16) 
✓ Generating static pages using 3 workers (16/16) in 688ms
  Finalizing page optimization ...

Route (app)
┌ ○ /
├ ○ /_not-found
├ ○ /admin
├ ○ /admin/analytics
├ ○ /admin/cooking
├ ○ /admin/expenses
├ ○ /admin/notices
├ ○ /admin/settlements
├ ○ /admin/users
├ ○ /cooking
├ ○ /dashboard
├ ○ /dashboard/shopping
├ ○ /login
└ ○ /register


○  (Static)  prerendered as static content

